c:\users\admin\source\repos\qtwidgetsapplication3\qtwidgetsapplication3\x64\debug\moc_qtwidgetsapplication3.obj
c:\users\admin\source\repos\qtwidgetsapplication3\qtwidgetsapplication3\x64\debug\qrc_qtwidgetsapplication3.obj
c:\users\admin\source\repos\qtwidgetsapplication3\qtwidgetsapplication3\x64\debug\moc_header.obj
c:\users\admin\source\repos\qtwidgetsapplication3\qtwidgetsapplication3\x64\debug\vc143.pdb
c:\users\admin\source\repos\qtwidgetsapplication3\qtwidgetsapplication3\x64\debug\main.obj
c:\users\admin\source\repos\qtwidgetsapplication3\qtwidgetsapplication3\x64\debug\qtwidgetsapplication3.obj
c:\users\admin\source\repos\qtwidgetsapplication3\qtwidgetsapplication3\x64\debug\qcustomplot.obj
c:\users\admin\source\repos\qtwidgetsapplication3\qtwidgetsapplication3\x64\debug\moc_qcustomplot.obj
c:\users\admin\source\repos\qtwidgetsapplication3\qtwidgetsapplication3\x64\debug\moc\moc_qtwidgetsapplication3.cpp
c:\users\admin\source\repos\qtwidgetsapplication3\qtwidgetsapplication3\x64\debug\moc\moc_qcustomplot.cpp
c:\users\admin\source\repos\qtwidgetsapplication3\qtwidgetsapplication3\x64\debug\uic\ui_qtwidgetsapplication3.h
c:\users\admin\source\repos\qtwidgetsapplication3\qtwidgetsapplication3\x64\debug\rcc\qrc_qtwidgetsapplication3.cpp
c:\users\admin\source\repos\qtwidgetsapplication3\x64\debug\libcurl.dll
c:\users\admin\source\repos\qtwidgetsapplication3\x64\debug\zlib1.dll
c:\users\admin\source\repos\qtwidgetsapplication3\qtwidgetsapplication3\x64\debug\moc\moc_header.cpp
c:\users\admin\source\repos\qtwidgetsapplication3\x64\debug\qtwidgetsapplication3.pdb
c:\users\admin\source\repos\qtwidgetsapplication3\qtwidgetsapplication3\x64\debug\qtwidget.70c82a06.tlog\cl.command.1.tlog
c:\users\admin\source\repos\qtwidgetsapplication3\qtwidgetsapplication3\x64\debug\qtwidget.70c82a06.tlog\cl.read.1.tlog
c:\users\admin\source\repos\qtwidgetsapplication3\qtwidgetsapplication3\x64\debug\qtwidget.70c82a06.tlog\cl.write.1.tlog
c:\users\admin\source\repos\qtwidgetsapplication3\qtwidgetsapplication3\x64\debug\qtwidget.70c82a06.tlog\link.command.1.tlog
c:\users\admin\source\repos\qtwidgetsapplication3\qtwidgetsapplication3\x64\debug\qtwidget.70c82a06.tlog\link.read.1.tlog
c:\users\admin\source\repos\qtwidgetsapplication3\qtwidgetsapplication3\x64\debug\qtwidget.70c82a06.tlog\link.write.1.tlog
c:\users\admin\source\repos\qtwidgetsapplication3\qtwidgetsapplication3\x64\debug\qtwidget.70c82a06.tlog\moc.read.1u.tlog
c:\users\admin\source\repos\qtwidgetsapplication3\qtwidgetsapplication3\x64\debug\qtwidget.70c82a06.tlog\moc.write.1u.tlog
c:\users\admin\source\repos\qtwidgetsapplication3\qtwidgetsapplication3\x64\debug\qtwidget.70c82a06.tlog\qtwidgetsapplication3.write.1u.tlog
c:\users\admin\source\repos\qtwidgetsapplication3\qtwidgetsapplication3\x64\debug\qtwidget.70c82a06.tlog\rcc.read.1u.tlog
c:\users\admin\source\repos\qtwidgetsapplication3\qtwidgetsapplication3\x64\debug\qtwidget.70c82a06.tlog\rcc.write.1u.tlog
c:\users\admin\source\repos\qtwidgetsapplication3\qtwidgetsapplication3\x64\debug\qtwidget.70c82a06.tlog\uic.read.1u.tlog
c:\users\admin\source\repos\qtwidgetsapplication3\qtwidgetsapplication3\x64\debug\qtwidget.70c82a06.tlog\uic.write.1u.tlog
